生成启动时间为 2018/11/21 11:20:39。
     1>项目“E:\源代码\VS2013\Genetic_Algorithm\Genetic_Algorithm\Genetic_Algorithm.vcxproj”在节点 2 上(Build 个目标)。
     1>ClCompile:
         C:\Program Files (x86)\Microsoft Visual Studio 12.0\VC\bin\CL.exe /c /ZI /nologo /W3 /WX- /Od /Oy- /D WIN32 /D _DEBUG /D _CONSOLE /D _LIB /D _UNICODE /D UNICODE /Gm /EHsc /RTC1 /MDd /GS /fp:precise /Zc:wchar_t /Zc:forScope /Fo"Debug\\" /Fd"Debug\vc120.pdb" /Gd /TP /analyze- /errorReport:prompt Genetic_Algorithm.cpp
         Genetic_Algorithm.cpp
     1>e:\源代码\vs2013\genetic_algorithm\genetic_algorithm\genetic_algorithm.cpp(48): warning C4996: 'fopen': This function or variable may be unsafe. Consider using fopen_s instead. To disable deprecation, use _CRT_SECURE_NO_WARNINGS. See online help for details.
                 c:\program files (x86)\microsoft visual studio 12.0\vc\include\stdio.h(211) : 参见“fopen”的声明
     1>e:\源代码\vs2013\genetic_algorithm\genetic_algorithm\genetic_algorithm.cpp(56): warning C4996: 'fscanf': This function or variable may be unsafe. Consider using fscanf_s instead. To disable deprecation, use _CRT_SECURE_NO_WARNINGS. See online help for details.
                 c:\program files (x86)\microsoft visual studio 12.0\vc\include\stdio.h(230) : 参见“fscanf”的声明
     1>e:\源代码\vs2013\genetic_algorithm\genetic_algorithm\genetic_algorithm.cpp(85): warning C4996: 'fopen': This function or variable may be unsafe. Consider using fopen_s instead. To disable deprecation, use _CRT_SECURE_NO_WARNINGS. See online help for details.
                 c:\program files (x86)\microsoft visual studio 12.0\vc\include\stdio.h(211) : 参见“fopen”的声明
     1>e:\源代码\vs2013\genetic_algorithm\genetic_algorithm\genetic_algorithm.cpp(93): warning C4996: 'fscanf': This function or variable may be unsafe. Consider using fscanf_s instead. To disable deprecation, use _CRT_SECURE_NO_WARNINGS. See online help for details.
                 c:\program files (x86)\microsoft visual studio 12.0\vc\include\stdio.h(230) : 参见“fscanf”的声明
     1>e:\源代码\vs2013\genetic_algorithm\genetic_algorithm\genetic_algorithm.cpp(269): warning C4996: 'fopen': This function or variable may be unsafe. Consider using fopen_s instead. To disable deprecation, use _CRT_SECURE_NO_WARNINGS. See online help for details.
                 c:\program files (x86)\microsoft visual studio 12.0\vc\include\stdio.h(211) : 参见“fopen”的声明
     1>e:\源代码\vs2013\genetic_algorithm\genetic_algorithm\genetic_algorithm.cpp(326): warning C4996: 'fopen': This function or variable may be unsafe. Consider using fopen_s instead. To disable deprecation, use _CRT_SECURE_NO_WARNINGS. See online help for details.
                 c:\program files (x86)\microsoft visual studio 12.0\vc\include\stdio.h(211) : 参见“fopen”的声明
       Link:
         C:\Program Files (x86)\Microsoft Visual Studio 12.0\VC\bin\link.exe /ERRORREPORT:PROMPT /OUT:"E:\源代码\VS2013\Genetic_Algorithm\Debug\Genetic_Algorithm.exe" /INCREMENTAL /NOLOGO kernel32.lib user32.lib gdi32.lib winspool.lib comdlg32.lib advapi32.lib shell32.lib ole32.lib oleaut32.lib uuid.lib odbc32.lib odbccp32.lib /MANIFEST /MANIFESTUAC:"level='asInvoker' uiAccess='false'" /manifest:embed /DEBUG /PDB:"E:\源代码\VS2013\Genetic_Algorithm\Debug\Genetic_Algorithm.pdb" /SUBSYSTEM:CONSOLE /TLBID:1 /DYNAMICBASE /NXCOMPAT /IMPLIB:"E:\源代码\VS2013\Genetic_Algorithm\Debug\Genetic_Algorithm.lib" /MACHINE:X86 Debug\Genetic_Algorithm.obj
         Debug\stdafx.obj
         Genetic_Algorithm.vcxproj -> E:\源代码\VS2013\Genetic_Algorithm\Debug\Genetic_Algorithm.exe
     1>已完成生成项目“E:\源代码\VS2013\Genetic_Algorithm\Genetic_Algorithm\Genetic_Algorithm.vcxproj”(Build 个目标)的操作。

生成成功。

已用时间 00:00:01.38
